[24Feb2021 11:09:08.264] [Server thread/INFO] [net.minecraft.network.play.ServerPlayNetHandler/]: Dev lost connection: Disconnected
[24Feb2021 11:09:08.293] [Server thread/INFO] [net.minecraft.server.MinecraftServer/]: Dev left the game
[24Feb2021 11:09:08.321] [Server thread/INFO] [net.minecraft.network.play.ServerPlayNetHandler/]: Stopping singleplayer server as player logged out
[24Feb2021 11:09:08.386] [Server thread/INFO] [net.minecraft.server.MinecraftServer/]: Stopping server
[24Feb2021 11:09:08.387] [Server thread/INFO] [net.minecraft.server.MinecraftServer/]: Saving players
[24Feb2021 11:09:08.387] [Server thread/INFO] [net.minecraft.server.MinecraftServer/]: Saving worlds
[24Feb2021 11:09:08.387] [Server thread/INFO] [net.minecraft.server.MinecraftServer/]: Saving chunks for level 'ServerLevel[New World]'/minecraft:overworld
[24Feb2021 11:09:08.765] [Server thread/INFO] [net.minecraft.world.server.ChunkManager/]: ThreadedAnvilChunkStorage (New World): All chunks are saved
[24Feb2021 11:09:08.765] [Server thread/INFO] [net.minecraft.server.MinecraftServer/]: Saving chunks for level 'ServerLevel[New World]'/minecraft:the_nether
[24Feb2021 11:09:08.767] [Server thread/INFO] [net.minecraft.world.server.ChunkManager/]: ThreadedAnvilChunkStorage (DIM-1): All chunks are saved
[24Feb2021 11:09:08.767] [Server thread/INFO] [net.minecraft.server.MinecraftServer/]: Saving chunks for level 'ServerLevel[New World]'/minecraft:the_end
[24Feb2021 11:09:08.768] [Server thread/INFO] [net.minecraft.world.server.ChunkManager/]: ThreadedAnvilChunkStorage (DIM1): All chunks are saved
[24Feb2021 11:09:08.839] [Server thread/INFO] [net.minecraft.world.server.ChunkManager/]: ThreadedAnvilChunkStorage (New World): All chunks are saved
[24Feb2021 11:09:08.873] [Server thread/INFO] [net.minecraft.world.server.ChunkManager/]: ThreadedAnvilChunkStorage (DIM-1): All chunks are saved
[24Feb2021 11:09:08.874] [Server thread/INFO] [net.minecraft.world.server.ChunkManager/]: ThreadedAnvilChunkStorage (DIM1): All chunks are saved
[24Feb2021 11:10:29.656] [Render thread/WARN] [net.minecraft.command.Commands/]: Ambiguity between arguments [teleport, destination] and [teleport, targets] with inputs: [Player, 0123, @e, dd12be42-52a9-4a91-a8a1-11c01849e498]
[24Feb2021 11:10:29.657] [Render thread/WARN] [net.minecraft.command.Commands/]: Ambiguity between arguments [teleport, location] and [teleport, destination] with inputs: [0.1 -0.5 .9, 0 0 0]
[24Feb2021 11:10:29.657] [Render thread/WARN] [net.minecraft.command.Commands/]: Ambiguity between arguments [teleport, location] and [teleport, targets] with inputs: [0.1 -0.5 .9, 0 0 0]
[24Feb2021 11:10:29.658] [Render thread/WARN] [net.minecraft.command.Commands/]: Ambiguity between arguments [teleport, targets] and [teleport, destination] with inputs: [Player, 0123, dd12be42-52a9-4a91-a8a1-11c01849e498]
[24Feb2021 11:10:29.659] [Render thread/WARN] [net.minecraft.command.Commands/]: Ambiguity between arguments [teleport, targets, location] and [teleport, targets, destination] with inputs: [0.1 -0.5 .9, 0 0 0]
[24Feb2021 11:10:29.659] [Render thread/INFO] [net.minecraft.resources.SimpleReloadableResourceManager/]: Reloading ResourceManager: Default, forge-1.16.4-35.1.37_mapped_snapshot_20200514-1.16-recomp.jar, main
[24Feb2021 11:10:30.821] [Render thread/INFO] [net.minecraft.item.crafting.RecipeManager/]: Loaded 7 recipes
[24Feb2021 11:10:31.637] [Render thread/INFO] [net.minecraft.advancements.AdvancementList/]: Loaded 927 advancements
[24Feb2021 11:10:31.714] [Render thread/INFO] [net.minecraftforge.registries.GameData/REGISTRIES]: Injecting existing registry data into this CLIENT instance
[24Feb2021 11:10:32.507] [Render thread/INFO] [com.mojang.authlib.yggdrasil.YggdrasilAuthenticationService/]: Environment: authHost='https://authserver.mojang.com', accountsHost='https://api.mojang.com', sessionHost='https://sessionserver.mojang.com', servicesHost='https://api.minecraftservices.com', name='PROD'
[24Feb2021 11:10:32.511] [Server thread/INFO] [net.minecraft.server.integrated.IntegratedServer/]: Starting integrated minecraft server version 1.16.4
[24Feb2021 11:10:32.511] [Server thread/INFO] [net.minecraft.server.MinecraftServer/]: Generating keypair
[24Feb2021 11:10:32.572] [Server thread/INFO] [net.minecraft.server.MinecraftServer/]: Preparing start region for dimension minecraft:overworld
[24Feb2021 11:10:33.173] [Render thread/INFO] [net.minecraft.world.chunk.listener.LoggingChunkStatusListener/]: Preparing spawn area: 0%
[24Feb2021 11:10:33.173] [Render thread/INFO] [net.minecraft.world.chunk.listener.LoggingChunkStatusListener/]: Preparing spawn area: 0%
[24Feb2021 11:10:33.303] [Render thread/INFO] [net.minecraft.world.chunk.listener.LoggingChunkStatusListener/]: Time elapsed: 715 ms
[24Feb2021 11:10:33.315] [Server thread/INFO] [net.minecraft.server.integrated.IntegratedServer/]: Changing view distance to 11, from 10
[24Feb2021 11:10:33.500] [Netty Local Client IO #1/INFO] [net.minecraftforge.fml.network.NetworkHooks/]: Connected to a modded server.
[24Feb2021 11:10:33.513] [Server thread/INFO] [net.minecraftforge.common.AdvancementLoadFix/]: Using new advancement loading for net.minecraft.advancements.PlayerAdvancements@449ad2aa
[24Feb2021 11:10:33.545] [Server thread/INFO] [net.minecraft.server.management.PlayerList/]: Dev[local:E:1d98e97e] logged in with entity id 266 at (1.2034801659179885E7, 69.0, 12012.940514490774)
[24Feb2021 11:10:33.549] [Server thread/INFO] [net.minecraft.server.MinecraftServer/]: Dev joined the game
[24Feb2021 11:10:34.400] [Server thread/INFO] [net.minecraft.server.integrated.IntegratedServer/]: Saving and pausing game...
[24Feb2021 11:10:34.428] [Server thread/INFO] [net.minecraft.server.MinecraftServer/]: Saving chunks for level 'ServerLevel[New World]'/minecraft:overworld
[24Feb2021 11:10:34.430] [Render thread/INFO] [net.minecraft.advancements.AdvancementList/]: Loaded 42 advancements
[24Feb2021 11:10:34.980] [Server thread/INFO] [net.minecraft.server.MinecraftServer/]: Saving chunks for level 'ServerLevel[New World]'/minecraft:the_nether
[24Feb2021 11:10:34.981] [Server thread/INFO] [net.minecraft.server.MinecraftServer/]: Saving chunks for level 'ServerLevel[New World]'/minecraft:the_end
[24Feb2021 11:10:55.699] [Server thread/INFO] [net.minecraft.server.integrated.IntegratedServer/]: Saving and pausing game...
[24Feb2021 11:10:55.708] [Server thread/INFO] [net.minecraft.server.MinecraftServer/]: Saving chunks for level 'ServerLevel[New World]'/minecraft:overworld
[24Feb2021 11:10:55.842] [Server thread/INFO] [net.minecraft.server.MinecraftServer/]: Saving chunks for level 'ServerLevel[New World]'/minecraft:the_nether
[24Feb2021 11:10:55.843] [Server thread/INFO] [net.minecraft.server.MinecraftServer/]: Saving chunks for level 'ServerLevel[New World]'/minecraft:the_end
[24Feb2021 13:09:26.873] [Server thread/INFO] [net.minecraft.server.MinecraftServer/]: [Dev: Set the time to 1000]
[24Feb2021 13:09:26.891] [Render thread/INFO] [net.minecraft.client.gui.NewChatGui/]: [CHAT] Set the time to 1000
[24Feb2021 13:10:05.939] [Server thread/INFO] [net.minecraft.server.MinecraftServer/]: [Dev: Teleported Dev to 1.2034804228559382E7, 195.28143681514433, 12017.617563806412]
[24Feb2021 13:10:05.940] [Render thread/INFO] [net.minecraft.client.gui.NewChatGui/]: [CHAT] Teleported Dev to 1.2034804228559382E7, 195.28143681514433, 12017.617563806412
[24Feb2021 13:10:18.036] [Server thread/INFO] [net.minecraft.server.MinecraftServer/]: [Dev: Teleported Dev to 1.2034804228559382E7, 176.91898225564455, 12017.617563806412]
[24Feb2021 13:10:18.037] [Render thread/INFO] [net.minecraft.client.gui.NewChatGui/]: [CHAT] Teleported Dev to 1.2034804228559382E7, 176.91898225564455, 12017.617563806412
[24Feb2021 13:10:18.703] [Server thread/INFO] [net.minecraft.server.MinecraftServer/]: [Dev: Teleported Dev to 1.2034804228559382E7, 239.53599589152608, 12017.617563806412]
[24Feb2021 13:10:18.704] [Render thread/INFO] [net.minecraft.client.gui.NewChatGui/]: [CHAT] Teleported Dev to 1.2034804228559382E7, 239.53599589152608, 12017.617563806412
[24Feb2021 13:10:19.383] [Server thread/INFO] [net.minecraft.server.MinecraftServer/]: [Dev: Teleported Dev to 1.2034804228559382E7, 300.9392216509787, 12017.617563806412]
[24Feb2021 13:10:19.383] [Render thread/INFO] [net.minecraft.client.gui.NewChatGui/]: [CHAT] Teleported Dev to 1.2034804228559382E7, 300.9392216509787, 12017.617563806412
[24Feb2021 13:10:29.920] [Server thread/INFO] [net.minecraft.server.MinecraftServer/]: [Dev: Teleported Dev to 1.2034804228559382E7, 232.5520430335972, 12017.617563806412]
[24Feb2021 13:10:29.920] [Render thread/INFO] [net.minecraft.client.gui.NewChatGui/]: [CHAT] Teleported Dev to 1.2034804228559382E7, 232.5520430335972, 12017.617563806412
[24Feb2021 13:10:30.773] [Server thread/INFO] [net.minecraft.server.MinecraftServer/]: [Dev: Teleported Dev to 1.2034804228559382E7, 332.57261620830343, 12017.617563806412]
[24Feb2021 13:10:30.775] [Render thread/INFO] [net.minecraft.client.gui.NewChatGui/]: [CHAT] Teleported Dev to 1.2034804228559382E7, 332.57261620830343, 12017.617563806412
[24Feb2021 13:10:31.672] [Server thread/INFO] [net.minecraft.server.MinecraftServer/]: [Dev: Teleported Dev to 1.2034804228559382E7, 432.57261620830343, 12017.617563806412]
[24Feb2021 13:10:31.680] [Render thread/INFO] [net.minecraft.client.gui.NewChatGui/]: [CHAT] Teleported Dev to 1.2034804228559382E7, 432.57261620830343, 12017.617563806412
[24Feb2021 13:13:14.456] [Server thread/INFO] [net.minecraft.server.MinecraftServer/]: [Dev: Teleported Dev to 1.2034752559106788E7, 199.3849818636019, 11924.585959980835]
[24Feb2021 13:13:14.457] [Render thread/INFO] [net.minecraft.client.gui.NewChatGui/]: [CHAT] Teleported Dev to 1.2034752559106788E7, 199.3849818636019, 11924.585959980835
[24Feb2021 13:13:23.947] [Server thread/INFO] [net.minecraft.server.MinecraftServer/]: [Dev: Changed the block at 12034752, 146, 11924]
[24Feb2021 13:13:23.960] [Render thread/INFO] [net.minecraft.client.gui.NewChatGui/]: [CHAT] Changed the block at 12034752, 146, 11924
[24Feb2021 13:13:36.415] [Server thread/INFO] [net.minecraft.server.MinecraftServer/]: [Dev: Changed the block at 12034752, 176, 11924]
[24Feb2021 13:13:36.423] [Render thread/INFO] [net.minecraft.client.gui.NewChatGui/]: [CHAT] Changed the block at 12034752, 176, 11924
[24Feb2021 13:13:41.817] [Server thread/INFO] [net.minecraft.server.MinecraftServer/]: [Dev: Changed the block at 12034752, 194, 11924]
[24Feb2021 13:13:41.826] [Render thread/INFO] [net.minecraft.client.gui.NewChatGui/]: [CHAT] Changed the block at 12034752, 194, 11924
[24Feb2021 13:13:45.480] [Server thread/INFO] [net.minecraft.server.MinecraftServer/]: [Dev: Changed the block at 12034752, 206, 11924]
[24Feb2021 13:13:45.480] [Render thread/INFO] [net.minecraft.client.gui.NewChatGui/]: [CHAT] Changed the block at 12034752, 206, 11924
[24Feb2021 13:13:49.349] [Server thread/INFO] [net.minecraft.server.MinecraftServer/]: [Dev: Changed the block at 12034752, 220, 11924]
[24Feb2021 13:13:49.349] [Render thread/INFO] [net.minecraft.client.gui.NewChatGui/]: [CHAT] Changed the block at 12034752, 220, 11924
[24Feb2021 13:13:53.115] [Server thread/INFO] [net.minecraft.server.MinecraftServer/]: [Dev: Changed the block at 12034752, 229, 11924]
[24Feb2021 13:13:53.122] [Render thread/INFO] [net.minecraft.client.gui.NewChatGui/]: [CHAT] Changed the block at 12034752, 229, 11924
[24Feb2021 13:13:57.418] [Server thread/INFO] [net.minecraft.server.MinecraftServer/]: [Dev: Changed the block at 12034752, 248, 11924]
[24Feb2021 13:13:57.431] [Render thread/INFO] [net.minecraft.client.gui.NewChatGui/]: [CHAT] Changed the block at 12034752, 248, 11924
[24Feb2021 13:14:03.674] [Render thread/INFO] [net.minecraft.client.gui.NewChatGui/]: [CHAT] That position is out of this world!
[24Feb2021 13:14:04.593] [Server thread/INFO] [net.minecraft.server.MinecraftServer/]: [Dev: Changed the block at 12034752, 250, 11924]
[24Feb2021 13:14:04.595] [Render thread/INFO] [net.minecraft.client.gui.NewChatGui/]: [CHAT] Changed the block at 12034752, 250, 11924
[24Feb2021 13:14:07.247] [Render thread/INFO] [net.minecraft.client.gui.NewChatGui/]: [CHAT] That position is out of this world!
[24Feb2021 13:14:08.035] [Render thread/INFO] [net.minecraft.client.gui.NewChatGui/]: [CHAT] That position is out of this world!
[24Feb2021 13:14:08.568] [Render thread/INFO] [net.minecraft.client.gui.NewChatGui/]: [CHAT] Unknown or incomplete command, see below for error
[24Feb2021 13:14:08.569] [Render thread/INFO] [net.minecraft.client.gui.NewChatGui/]: [CHAT] /<--[HERE]
[24Feb2021 13:14:09.253] [Render thread/INFO] [net.minecraft.client.gui.NewChatGui/]: [CHAT] Unknown or incomplete command, see below for error
[24Feb2021 13:14:09.253] [Render thread/INFO] [net.minecraft.client.gui.NewChatGui/]: [CHAT] /<--[HERE]
[24Feb2021 13:14:09.794] [Render thread/INFO] [net.minecraft.client.gui.NewChatGui/]: [CHAT] Unknown or incomplete command, see below for error
[24Feb2021 13:14:09.794] [Render thread/INFO] [net.minecraft.client.gui.NewChatGui/]: [CHAT] /<--[HERE]
[24Feb2021 13:14:10.723] [Server thread/INFO] [net.minecraft.server.MinecraftServer/]: [Dev: Changed the block at 12034752, 255, 11924]
[24Feb2021 13:14:10.728] [Render thread/INFO] [net.minecraft.client.gui.NewChatGui/]: [CHAT] Changed the block at 12034752, 255, 11924
[24Feb2021 13:14:36.857] [Server thread/INFO] [net.minecraft.server.MinecraftServer/]: [Dev: Teleported Dev to 1.203475250168706E7, 363.3475465266843, 11924.561479801121]
[24Feb2021 13:14:36.858] [Render thread/INFO] [net.minecraft.client.gui.NewChatGui/]: [CHAT] Teleported Dev to 1.203475250168706E7, 363.3475465266843, 11924.561479801121
[24Feb2021 13:14:43.827] [Server thread/INFO] [net.minecraft.server.MinecraftServer/]: [Dev: Teleported Dev to 1.203475250168706E7, 444.0376630208456, 11924.561479801121]
[24Feb2021 13:14:43.833] [Render thread/INFO] [net.minecraft.client.gui.NewChatGui/]: [CHAT] Teleported Dev to 1.203475250168706E7, 444.0376630208456, 11924.561479801121
[24Feb2021 13:14:44.562] [Server thread/INFO] [net.minecraft.server.MinecraftServer/]: [Dev: Teleported Dev to 1.203475250168706E7, 555.1079521304009, 11924.561479801121]
[24Feb2021 13:14:44.567] [Render thread/INFO] [net.minecraft.client.gui.NewChatGui/]: [CHAT] Teleported Dev to 1.203475250168706E7, 555.1079521304009, 11924.561479801121
[24Feb2021 13:15:11.250] [Server thread/INFO] [net.minecraft.server.integrated.IntegratedServer/]: Saving and pausing game...
[24Feb2021 13:15:11.259] [Server thread/INFO] [net.minecraft.server.MinecraftServer/]: Saving chunks for level 'ServerLevel[New World]'/minecraft:overworld
[24Feb2021 13:15:11.308] [Server thread/INFO] [net.minecraft.server.MinecraftServer/]: Saving chunks for level 'ServerLevel[New World]'/minecraft:the_nether
[24Feb2021 13:15:11.311] [Server thread/INFO] [net.minecraft.server.MinecraftServer/]: Saving chunks for level 'ServerLevel[New World]'/minecraft:the_end
